<?xml version="1.0" encoding="UTF-8"?>
<testsuite xmlns:xsi="http://www.w3.org/2001/XMLSchema-instance" xsi:noNamespaceSchemaLocation="https://maven.apache.org/surefire/maven-surefire-plugin/xsd/surefire-test-report.xsd" name="com.example.chopeeservice.ChopeeServiceApplicationTests" time="0.216" tests="1" errors="1" skipped="0" failures="0">
  <properties>
    <property name="gopherProxySet" value="false"/>
    <property name="awt.toolkit" value="sun.lwawt.macosx.LWCToolkit"/>
    <property name="file.encoding.pkg" value="sun.io"/>
    <property name="java.specification.version" value="1.8"/>
    <property name="sun.cpu.isalist" value=""/>
    <property name="sun.jnu.encoding" value="UTF-8"/>
    <property name="java.class.path" value="/Users/zhaiwenpeng/IdeaProjects/chopee/chopee-service/target/test-classes:/Users/zhaiwenpeng/IdeaProjects/chopee/chopee-service/target/classes:/Users/zhaiwenpeng/.m2/repository/org/springframework/boot/spring-boot-starter/2.4.3/spring-boot-starter-2.4.3.jar:/Users/zhaiwenpeng/.m2/repository/org/springframework/boot/spring-boot/2.4.3/spring-boot-2.4.3.jar:/Users/zhaiwenpeng/.m2/repository/org/springframework/boot/spring-boot-autoconfigure/2.4.3/spring-boot-autoconfigure-2.4.3.jar:/Users/zhaiwenpeng/.m2/repository/org/springframework/boot/spring-boot-starter-logging/2.4.3/spring-boot-starter-logging-2.4.3.jar:/Users/zhaiwenpeng/.m2/repository/ch/qos/logback/logback-classic/1.2.3/logback-classic-1.2.3.jar:/Users/zhaiwenpeng/.m2/repository/ch/qos/logback/logback-core/1.2.3/logback-core-1.2.3.jar:/Users/zhaiwenpeng/.m2/repository/org/apache/logging/log4j/log4j-to-slf4j/2.13.3/log4j-to-slf4j-2.13.3.jar:/Users/zhaiwenpeng/.m2/repository/org/apache/logging/log4j/log4j-api/2.13.3/log4j-api-2.13.3.jar:/Users/zhaiwenpeng/.m2/repository/org/slf4j/jul-to-slf4j/1.7.30/jul-to-slf4j-1.7.30.jar:/Users/zhaiwenpeng/.m2/repository/jakarta/annotation/jakarta.annotation-api/1.3.5/jakarta.annotation-api-1.3.5.jar:/Users/zhaiwenpeng/.m2/repository/org/springframework/spring-core/5.3.4/spring-core-5.3.4.jar:/Users/zhaiwenpeng/.m2/repository/org/springframework/spring-jcl/5.3.4/spring-jcl-5.3.4.jar:/Users/zhaiwenpeng/.m2/repository/org/yaml/snakeyaml/1.27/snakeyaml-1.27.jar:/Users/zhaiwenpeng/.m2/repository/org/springframework/boot/spring-boot-starter-test/2.4.3/spring-boot-starter-test-2.4.3.jar:/Users/zhaiwenpeng/.m2/repository/org/springframework/boot/spring-boot-test/2.4.3/spring-boot-test-2.4.3.jar:/Users/zhaiwenpeng/.m2/repository/org/springframework/boot/spring-boot-test-autoconfigure/2.4.3/spring-boot-test-autoconfigure-2.4.3.jar:/Users/zhaiwenpeng/.m2/repository/com/jayway/jsonpath/json-path/2.4.0/json-path-2.4.0.jar:/Users/zhaiwenpeng/.m2/repository/net/minidev/json-smart/2.3/json-smart-2.3.jar:/Users/zhaiwenpeng/.m2/repository/net/minidev/accessors-smart/1.2/accessors-smart-1.2.jar:/Users/zhaiwenpeng/.m2/repository/org/ow2/asm/asm/5.0.4/asm-5.0.4.jar:/Users/zhaiwenpeng/.m2/repository/jakarta/xml/bind/jakarta.xml.bind-api/2.3.3/jakarta.xml.bind-api-2.3.3.jar:/Users/zhaiwenpeng/.m2/repository/jakarta/activation/jakarta.activation-api/1.2.2/jakarta.activation-api-1.2.2.jar:/Users/zhaiwenpeng/.m2/repository/org/assertj/assertj-core/3.18.1/assertj-core-3.18.1.jar:/Users/zhaiwenpeng/.m2/repository/org/hamcrest/hamcrest/2.2/hamcrest-2.2.jar:/Users/zhaiwenpeng/.m2/repository/org/junit/jupiter/junit-jupiter/5.7.1/junit-jupiter-5.7.1.jar:/Users/zhaiwenpeng/.m2/repository/org/junit/jupiter/junit-jupiter-api/5.7.1/junit-jupiter-api-5.7.1.jar:/Users/zhaiwenpeng/.m2/repository/org/apiguardian/apiguardian-api/1.1.0/apiguardian-api-1.1.0.jar:/Users/zhaiwenpeng/.m2/repository/org/opentest4j/opentest4j/1.2.0/opentest4j-1.2.0.jar:/Users/zhaiwenpeng/.m2/repository/org/junit/platform/junit-platform-commons/1.7.1/junit-platform-commons-1.7.1.jar:/Users/zhaiwenpeng/.m2/repository/org/junit/jupiter/junit-jupiter-params/5.7.1/junit-jupiter-params-5.7.1.jar:/Users/zhaiwenpeng/.m2/repository/org/junit/jupiter/junit-jupiter-engine/5.7.1/junit-jupiter-engine-5.7.1.jar:/Users/zhaiwenpeng/.m2/repository/org/junit/platform/junit-platform-engine/1.7.1/junit-platform-engine-1.7.1.jar:/Users/zhaiwenpeng/.m2/repository/org/mockito/mockito-core/3.6.28/mockito-core-3.6.28.jar:/Users/zhaiwenpeng/.m2/repository/net/bytebuddy/byte-buddy/1.10.20/byte-buddy-1.10.20.jar:/Users/zhaiwenpeng/.m2/repository/net/bytebuddy/byte-buddy-agent/1.10.20/byte-buddy-agent-1.10.20.jar:/Users/zhaiwenpeng/.m2/repository/org/objenesis/objenesis/3.1/objenesis-3.1.jar:/Users/zhaiwenpeng/.m2/repository/org/mockito/mockito-junit-jupiter/3.6.28/mockito-junit-jupiter-3.6.28.jar:/Users/zhaiwenpeng/.m2/repository/org/skyscreamer/jsonassert/1.5.0/jsonassert-1.5.0.jar:/Users/zhaiwenpeng/.m2/repository/com/vaadin/external/google/android-json/0.0.20131108.vaadin1/android-json-0.0.20131108.vaadin1.jar:/Users/zhaiwenpeng/.m2/repository/org/springframework/spring-test/5.3.4/spring-test-5.3.4.jar:/Users/zhaiwenpeng/.m2/repository/org/xmlunit/xmlunit-core/2.7.0/xmlunit-core-2.7.0.jar:/Users/zhaiwenpeng/IdeaProjects/chopee/chopee-dao/target/chopee-dao-0.0.1-SNAPSHOT.jar:/Users/zhaiwenpeng/.m2/repository/mysql/mysql-connector-java/8.0.23/mysql-connector-java-8.0.23.jar:/Users/zhaiwenpeng/.m2/repository/org/mybatis/mybatis/3.5.6/mybatis-3.5.6.jar:/Users/zhaiwenpeng/.m2/repository/com/github/pagehelper/pagehelper-spring-boot-starter/1.2.10/pagehelper-spring-boot-starter-1.2.10.jar:/Users/zhaiwenpeng/.m2/repository/com/github/pagehelper/pagehelper-spring-boot-autoconfigure/1.2.10/pagehelper-spring-boot-autoconfigure-1.2.10.jar:/Users/zhaiwenpeng/.m2/repository/com/github/pagehelper/pagehelper/5.1.8/pagehelper-5.1.8.jar:/Users/zhaiwenpeng/.m2/repository/com/github/jsqlparser/jsqlparser/1.2/jsqlparser-1.2.jar:/Users/zhaiwenpeng/IdeaProjects/chopee/chopee-biz/target/chopee-biz-0.0.1-SNAPSHOT.jar:/Users/zhaiwenpeng/.m2/repository/org/springframework/boot/spring-boot-starter-jdbc/2.4.3/spring-boot-starter-jdbc-2.4.3.jar:/Users/zhaiwenpeng/.m2/repository/com/zaxxer/HikariCP/3.4.5/HikariCP-3.4.5.jar:/Users/zhaiwenpeng/.m2/repository/org/springframework/spring-jdbc/5.3.4/spring-jdbc-5.3.4.jar:/Users/zhaiwenpeng/.m2/repository/org/springframework/spring-tx/5.3.4/spring-tx-5.3.4.jar:/Users/zhaiwenpeng/.m2/repository/org/springframework/boot/spring-boot-starter-thymeleaf/2.4.3/spring-boot-starter-thymeleaf-2.4.3.jar:/Users/zhaiwenpeng/.m2/repository/org/thymeleaf/thymeleaf-spring5/3.0.12.RELEASE/thymeleaf-spring5-3.0.12.RELEASE.jar:/Users/zhaiwenpeng/.m2/repository/org/thymeleaf/thymeleaf/3.0.12.RELEASE/thymeleaf-3.0.12.RELEASE.jar:/Users/zhaiwenpeng/.m2/repository/org/attoparser/attoparser/2.0.5.RELEASE/attoparser-2.0.5.RELEASE.jar:/Users/zhaiwenpeng/.m2/repository/org/unbescape/unbescape/1.1.6.RELEASE/unbescape-1.1.6.RELEASE.jar:/Users/zhaiwenpeng/.m2/repository/org/thymeleaf/extras/thymeleaf-extras-java8time/3.0.4.RELEASE/thymeleaf-extras-java8time-3.0.4.RELEASE.jar:/Users/zhaiwenpeng/.m2/repository/org/springframework/boot/spring-boot-starter-web/2.4.3/spring-boot-starter-web-2.4.3.jar:/Users/zhaiwenpeng/.m2/repository/org/springframework/boot/spring-boot-starter-json/2.4.3/spring-boot-starter-json-2.4.3.jar:/Users/zhaiwenpeng/.m2/repository/com/fasterxml/jackson/datatype/jackson-datatype-jdk8/2.11.4/jackson-datatype-jdk8-2.11.4.jar:/Users/zhaiwenpeng/.m2/repository/com/fasterxml/jackson/datatype/jackson-datatype-jsr310/2.11.4/jackson-datatype-jsr310-2.11.4.jar:/Users/zhaiwenpeng/.m2/repository/com/fasterxml/jackson/module/jackson-module-parameter-names/2.11.4/jackson-module-parameter-names-2.11.4.jar:/Users/zhaiwenpeng/.m2/repository/org/springframework/boot/spring-boot-starter-tomcat/2.4.3/spring-boot-starter-tomcat-2.4.3.jar:/Users/zhaiwenpeng/.m2/repository/org/glassfish/jakarta.el/3.0.3/jakarta.el-3.0.3.jar:/Users/zhaiwenpeng/.m2/repository/org/apache/tomcat/embed/tomcat-embed-websocket/9.0.43/tomcat-embed-websocket-9.0.43.jar:/Users/zhaiwenpeng/.m2/repository/org/mybatis/spring/boot/mybatis-spring-boot-starter/2.1.4/mybatis-spring-boot-starter-2.1.4.jar:/Users/zhaiwenpeng/.m2/repository/org/mybatis/spring/boot/mybatis-spring-boot-autoconfigure/2.1.4/mybatis-spring-boot-autoconfigure-2.1.4.jar:/Users/zhaiwenpeng/.m2/repository/org/mybatis/mybatis-spring/2.0.6/mybatis-spring-2.0.6.jar:/Users/zhaiwenpeng/.m2/repository/com/alibaba/easyexcel/2.2.7/easyexcel-2.2.7.jar:/Users/zhaiwenpeng/.m2/repository/org/apache/poi/poi/3.17/poi-3.17.jar:/Users/zhaiwenpeng/.m2/repository/org/apache/commons/commons-collections4/4.1/commons-collections4-4.1.jar:/Users/zhaiwenpeng/.m2/repository/org/apache/poi/poi-ooxml/3.17/poi-ooxml-3.17.jar:/Users/zhaiwenpeng/.m2/repository/com/github/virtuald/curvesapi/1.04/curvesapi-1.04.jar:/Users/zhaiwenpeng/.m2/repository/org/apache/poi/poi-ooxml-schemas/3.17/poi-ooxml-schemas-3.17.jar:/Users/zhaiwenpeng/.m2/repository/org/apache/xmlbeans/xmlbeans/2.6.0/xmlbeans-2.6.0.jar:/Users/zhaiwenpeng/.m2/repository/stax/stax-api/1.0.1/stax-api-1.0.1.jar:/Users/zhaiwenpeng/.m2/repository/org/slf4j/slf4j-api/1.7.30/slf4j-api-1.7.30.jar:/Users/zhaiwenpeng/.m2/repository/org/ehcache/ehcache/3.9.0/ehcache-3.9.0.jar:/Users/zhaiwenpeng/.m2/repository/org/glassfish/jaxb/jaxb-runtime/2.3.3/jaxb-runtime-2.3.3.jar:/Users/zhaiwenpeng/.m2/repository/org/glassfish/jaxb/txw2/2.3.3/txw2-2.3.3.jar:/Users/zhaiwenpeng/.m2/repository/com/sun/istack/istack-commons-runtime/3.0.11/istack-commons-runtime-3.0.11.jar:/Users/zhaiwenpeng/.m2/repository/com/sun/activation/jakarta.activation/1.2.2/jakarta.activation-1.2.2.jar:/Users/zhaiwenpeng/.m2/repository/cglib/cglib/2.2.2/cglib-2.2.2.jar:/Users/zhaiwenpeng/.m2/repository/asm/asm/3.3.1/asm-3.3.1.jar:/Users/zhaiwenpeng/.m2/repository/org/apache/tomcat/embed/tomcat-embed-core/9.0.43/tomcat-embed-core-9.0.43.jar:/Users/zhaiwenpeng/.m2/repository/org/apache/tomcat/tomcat-annotations-api/9.0.43/tomcat-annotations-api-9.0.43.jar:/Users/zhaiwenpeng/.m2/repository/com/auth0/java-jwt/3.4.0/java-jwt-3.4.0.jar:/Users/zhaiwenpeng/.m2/repository/com/fasterxml/jackson/core/jackson-databind/2.11.4/jackson-databind-2.11.4.jar:/Users/zhaiwenpeng/.m2/repository/com/fasterxml/jackson/core/jackson-annotations/2.11.4/jackson-annotations-2.11.4.jar:/Users/zhaiwenpeng/.m2/repository/com/fasterxml/jackson/core/jackson-core/2.11.4/jackson-core-2.11.4.jar:/Users/zhaiwenpeng/.m2/repository/commons-codec/commons-codec/1.15/commons-codec-1.15.jar:/Users/zhaiwenpeng/.m2/repository/org/springframework/spring-webmvc/5.3.4/spring-webmvc-5.3.4.jar:/Users/zhaiwenpeng/.m2/repository/org/springframework/spring-aop/5.3.4/spring-aop-5.3.4.jar:/Users/zhaiwenpeng/.m2/repository/org/springframework/spring-beans/5.3.4/spring-beans-5.3.4.jar:/Users/zhaiwenpeng/.m2/repository/org/springframework/spring-context/5.3.4/spring-context-5.3.4.jar:/Users/zhaiwenpeng/.m2/repository/org/springframework/spring-expression/5.3.4/spring-expression-5.3.4.jar:/Users/zhaiwenpeng/.m2/repository/org/springframework/spring-web/5.3.4/spring-web-5.3.4.jar:/Users/zhaiwenpeng/.m2/repository/com/alibaba/fastjson/1.2.71/fastjson-1.2.71.jar:/Users/zhaiwenpeng/.m2/repository/org/apache/directory/studio/org.apache.commons.codec/1.8/org.apache.commons.codec-1.8.jar:/Users/zhaiwenpeng/.m2/repository/org/apache/commons/commons-lang3/3.4/commons-lang3-3.4.jar:"/>
    <property name="java.vm.vendor" value="Oracle Corporation"/>
    <property name="sun.arch.data.model" value="64"/>
    <property name="java.vendor.url" value="http://java.oracle.com/"/>
    <property name="user.timezone" value=""/>
    <property name="java.vm.specification.version" value="1.8"/>
    <property name="os.name" value="Mac OS X"/>
    <property name="user.country" value="CN"/>
    <property name="sun.java.launcher" value="SUN_STANDARD"/>
    <property name="sun.boot.library.path" value="/Library/Java/JavaVirtualMachines/jdk1.8.0_241.jdk/Contents/Home/jre/lib"/>
    <property name="sun.java.command" value="/Users/zhaiwenpeng/IdeaProjects/chopee/chopee-service/target/surefire/surefirebooter3400337151636588321.jar /Users/zhaiwenpeng/IdeaProjects/chopee/chopee-service/target/surefire 2021-03-23T15-54-04_723-jvmRun1 surefire7252832402436137650tmp surefire_0189280655627961711tmp"/>
    <property name="http.nonProxyHosts" value="local|*.local|169.254/16|*.169.254/16"/>
    <property name="surefire.test.class.path" value="/Users/zhaiwenpeng/IdeaProjects/chopee/chopee-service/target/test-classes:/Users/zhaiwenpeng/IdeaProjects/chopee/chopee-service/target/classes:/Users/zhaiwenpeng/.m2/repository/org/springframework/boot/spring-boot-starter/2.4.3/spring-boot-starter-2.4.3.jar:/Users/zhaiwenpeng/.m2/repository/org/springframework/boot/spring-boot/2.4.3/spring-boot-2.4.3.jar:/Users/zhaiwenpeng/.m2/repository/org/springframework/boot/spring-boot-autoconfigure/2.4.3/spring-boot-autoconfigure-2.4.3.jar:/Users/zhaiwenpeng/.m2/repository/org/springframework/boot/spring-boot-starter-logging/2.4.3/spring-boot-starter-logging-2.4.3.jar:/Users/zhaiwenpeng/.m2/repository/ch/qos/logback/logback-classic/1.2.3/logback-classic-1.2.3.jar:/Users/zhaiwenpeng/.m2/repository/ch/qos/logback/logback-core/1.2.3/logback-core-1.2.3.jar:/Users/zhaiwenpeng/.m2/repository/org/apache/logging/log4j/log4j-to-slf4j/2.13.3/log4j-to-slf4j-2.13.3.jar:/Users/zhaiwenpeng/.m2/repository/org/apache/logging/log4j/log4j-api/2.13.3/log4j-api-2.13.3.jar:/Users/zhaiwenpeng/.m2/repository/org/slf4j/jul-to-slf4j/1.7.30/jul-to-slf4j-1.7.30.jar:/Users/zhaiwenpeng/.m2/repository/jakarta/annotation/jakarta.annotation-api/1.3.5/jakarta.annotation-api-1.3.5.jar:/Users/zhaiwenpeng/.m2/repository/org/springframework/spring-core/5.3.4/spring-core-5.3.4.jar:/Users/zhaiwenpeng/.m2/repository/org/springframework/spring-jcl/5.3.4/spring-jcl-5.3.4.jar:/Users/zhaiwenpeng/.m2/repository/org/yaml/snakeyaml/1.27/snakeyaml-1.27.jar:/Users/zhaiwenpeng/.m2/repository/org/springframework/boot/spring-boot-starter-test/2.4.3/spring-boot-starter-test-2.4.3.jar:/Users/zhaiwenpeng/.m2/repository/org/springframework/boot/spring-boot-test/2.4.3/spring-boot-test-2.4.3.jar:/Users/zhaiwenpeng/.m2/repository/org/springframework/boot/spring-boot-test-autoconfigure/2.4.3/spring-boot-test-autoconfigure-2.4.3.jar:/Users/zhaiwenpeng/.m2/repository/com/jayway/jsonpath/json-path/2.4.0/json-path-2.4.0.jar:/Users/zhaiwenpeng/.m2/repository/net/minidev/json-smart/2.3/json-smart-2.3.jar:/Users/zhaiwenpeng/.m2/repository/net/minidev/accessors-smart/1.2/accessors-smart-1.2.jar:/Users/zhaiwenpeng/.m2/repository/org/ow2/asm/asm/5.0.4/asm-5.0.4.jar:/Users/zhaiwenpeng/.m2/repository/jakarta/xml/bind/jakarta.xml.bind-api/2.3.3/jakarta.xml.bind-api-2.3.3.jar:/Users/zhaiwenpeng/.m2/repository/jakarta/activation/jakarta.activation-api/1.2.2/jakarta.activation-api-1.2.2.jar:/Users/zhaiwenpeng/.m2/repository/org/assertj/assertj-core/3.18.1/assertj-core-3.18.1.jar:/Users/zhaiwenpeng/.m2/repository/org/hamcrest/hamcrest/2.2/hamcrest-2.2.jar:/Users/zhaiwenpeng/.m2/repository/org/junit/jupiter/junit-jupiter/5.7.1/junit-jupiter-5.7.1.jar:/Users/zhaiwenpeng/.m2/repository/org/junit/jupiter/junit-jupiter-api/5.7.1/junit-jupiter-api-5.7.1.jar:/Users/zhaiwenpeng/.m2/repository/org/apiguardian/apiguardian-api/1.1.0/apiguardian-api-1.1.0.jar:/Users/zhaiwenpeng/.m2/repository/org/opentest4j/opentest4j/1.2.0/opentest4j-1.2.0.jar:/Users/zhaiwenpeng/.m2/repository/org/junit/platform/junit-platform-commons/1.7.1/junit-platform-commons-1.7.1.jar:/Users/zhaiwenpeng/.m2/repository/org/junit/jupiter/junit-jupiter-params/5.7.1/junit-jupiter-params-5.7.1.jar:/Users/zhaiwenpeng/.m2/repository/org/junit/jupiter/junit-jupiter-engine/5.7.1/junit-jupiter-engine-5.7.1.jar:/Users/zhaiwenpeng/.m2/repository/org/junit/platform/junit-platform-engine/1.7.1/junit-platform-engine-1.7.1.jar:/Users/zhaiwenpeng/.m2/repository/org/mockito/mockito-core/3.6.28/mockito-core-3.6.28.jar:/Users/zhaiwenpeng/.m2/repository/net/bytebuddy/byte-buddy/1.10.20/byte-buddy-1.10.20.jar:/Users/zhaiwenpeng/.m2/repository/net/bytebuddy/byte-buddy-agent/1.10.20/byte-buddy-agent-1.10.20.jar:/Users/zhaiwenpeng/.m2/repository/org/objenesis/objenesis/3.1/objenesis-3.1.jar:/Users/zhaiwenpeng/.m2/repository/org/mockito/mockito-junit-jupiter/3.6.28/mockito-junit-jupiter-3.6.28.jar:/Users/zhaiwenpeng/.m2/repository/org/skyscreamer/jsonassert/1.5.0/jsonassert-1.5.0.jar:/Users/zhaiwenpeng/.m2/repository/com/vaadin/external/google/android-json/0.0.20131108.vaadin1/android-json-0.0.20131108.vaadin1.jar:/Users/zhaiwenpeng/.m2/repository/org/springframework/spring-test/5.3.4/spring-test-5.3.4.jar:/Users/zhaiwenpeng/.m2/repository/org/xmlunit/xmlunit-core/2.7.0/xmlunit-core-2.7.0.jar:/Users/zhaiwenpeng/IdeaProjects/chopee/chopee-dao/target/chopee-dao-0.0.1-SNAPSHOT.jar:/Users/zhaiwenpeng/.m2/repository/mysql/mysql-connector-java/8.0.23/mysql-connector-java-8.0.23.jar:/Users/zhaiwenpeng/.m2/repository/org/mybatis/mybatis/3.5.6/mybatis-3.5.6.jar:/Users/zhaiwenpeng/.m2/repository/com/github/pagehelper/pagehelper-spring-boot-starter/1.2.10/pagehelper-spring-boot-starter-1.2.10.jar:/Users/zhaiwenpeng/.m2/repository/com/github/pagehelper/pagehelper-spring-boot-autoconfigure/1.2.10/pagehelper-spring-boot-autoconfigure-1.2.10.jar:/Users/zhaiwenpeng/.m2/repository/com/github/pagehelper/pagehelper/5.1.8/pagehelper-5.1.8.jar:/Users/zhaiwenpeng/.m2/repository/com/github/jsqlparser/jsqlparser/1.2/jsqlparser-1.2.jar:/Users/zhaiwenpeng/IdeaProjects/chopee/chopee-biz/target/chopee-biz-0.0.1-SNAPSHOT.jar:/Users/zhaiwenpeng/.m2/repository/org/springframework/boot/spring-boot-starter-jdbc/2.4.3/spring-boot-starter-jdbc-2.4.3.jar:/Users/zhaiwenpeng/.m2/repository/com/zaxxer/HikariCP/3.4.5/HikariCP-3.4.5.jar:/Users/zhaiwenpeng/.m2/repository/org/springframework/spring-jdbc/5.3.4/spring-jdbc-5.3.4.jar:/Users/zhaiwenpeng/.m2/repository/org/springframework/spring-tx/5.3.4/spring-tx-5.3.4.jar:/Users/zhaiwenpeng/.m2/repository/org/springframework/boot/spring-boot-starter-thymeleaf/2.4.3/spring-boot-starter-thymeleaf-2.4.3.jar:/Users/zhaiwenpeng/.m2/repository/org/thymeleaf/thymeleaf-spring5/3.0.12.RELEASE/thymeleaf-spring5-3.0.12.RELEASE.jar:/Users/zhaiwenpeng/.m2/repository/org/thymeleaf/thymeleaf/3.0.12.RELEASE/thymeleaf-3.0.12.RELEASE.jar:/Users/zhaiwenpeng/.m2/repository/org/attoparser/attoparser/2.0.5.RELEASE/attoparser-2.0.5.RELEASE.jar:/Users/zhaiwenpeng/.m2/repository/org/unbescape/unbescape/1.1.6.RELEASE/unbescape-1.1.6.RELEASE.jar:/Users/zhaiwenpeng/.m2/repository/org/thymeleaf/extras/thymeleaf-extras-java8time/3.0.4.RELEASE/thymeleaf-extras-java8time-3.0.4.RELEASE.jar:/Users/zhaiwenpeng/.m2/repository/org/springframework/boot/spring-boot-starter-web/2.4.3/spring-boot-starter-web-2.4.3.jar:/Users/zhaiwenpeng/.m2/repository/org/springframework/boot/spring-boot-starter-json/2.4.3/spring-boot-starter-json-2.4.3.jar:/Users/zhaiwenpeng/.m2/repository/com/fasterxml/jackson/datatype/jackson-datatype-jdk8/2.11.4/jackson-datatype-jdk8-2.11.4.jar:/Users/zhaiwenpeng/.m2/repository/com/fasterxml/jackson/datatype/jackson-datatype-jsr310/2.11.4/jackson-datatype-jsr310-2.11.4.jar:/Users/zhaiwenpeng/.m2/repository/com/fasterxml/jackson/module/jackson-module-parameter-names/2.11.4/jackson-module-parameter-names-2.11.4.jar:/Users/zhaiwenpeng/.m2/repository/org/springframework/boot/spring-boot-starter-tomcat/2.4.3/spring-boot-starter-tomcat-2.4.3.jar:/Users/zhaiwenpeng/.m2/repository/org/glassfish/jakarta.el/3.0.3/jakarta.el-3.0.3.jar:/Users/zhaiwenpeng/.m2/repository/org/apache/tomcat/embed/tomcat-embed-websocket/9.0.43/tomcat-embed-websocket-9.0.43.jar:/Users/zhaiwenpeng/.m2/repository/org/mybatis/spring/boot/mybatis-spring-boot-starter/2.1.4/mybatis-spring-boot-starter-2.1.4.jar:/Users/zhaiwenpeng/.m2/repository/org/mybatis/spring/boot/mybatis-spring-boot-autoconfigure/2.1.4/mybatis-spring-boot-autoconfigure-2.1.4.jar:/Users/zhaiwenpeng/.m2/repository/org/mybatis/mybatis-spring/2.0.6/mybatis-spring-2.0.6.jar:/Users/zhaiwenpeng/.m2/repository/com/alibaba/easyexcel/2.2.7/easyexcel-2.2.7.jar:/Users/zhaiwenpeng/.m2/repository/org/apache/poi/poi/3.17/poi-3.17.jar:/Users/zhaiwenpeng/.m2/repository/org/apache/commons/commons-collections4/4.1/commons-collections4-4.1.jar:/Users/zhaiwenpeng/.m2/repository/org/apache/poi/poi-ooxml/3.17/poi-ooxml-3.17.jar:/Users/zhaiwenpeng/.m2/repository/com/github/virtuald/curvesapi/1.04/curvesapi-1.04.jar:/Users/zhaiwenpeng/.m2/repository/org/apache/poi/poi-ooxml-schemas/3.17/poi-ooxml-schemas-3.17.jar:/Users/zhaiwenpeng/.m2/repository/org/apache/xmlbeans/xmlbeans/2.6.0/xmlbeans-2.6.0.jar:/Users/zhaiwenpeng/.m2/repository/stax/stax-api/1.0.1/stax-api-1.0.1.jar:/Users/zhaiwenpeng/.m2/repository/org/slf4j/slf4j-api/1.7.30/slf4j-api-1.7.30.jar:/Users/zhaiwenpeng/.m2/repository/org/ehcache/ehcache/3.9.0/ehcache-3.9.0.jar:/Users/zhaiwenpeng/.m2/repository/org/glassfish/jaxb/jaxb-runtime/2.3.3/jaxb-runtime-2.3.3.jar:/Users/zhaiwenpeng/.m2/repository/org/glassfish/jaxb/txw2/2.3.3/txw2-2.3.3.jar:/Users/zhaiwenpeng/.m2/repository/com/sun/istack/istack-commons-runtime/3.0.11/istack-commons-runtime-3.0.11.jar:/Users/zhaiwenpeng/.m2/repository/com/sun/activation/jakarta.activation/1.2.2/jakarta.activation-1.2.2.jar:/Users/zhaiwenpeng/.m2/repository/cglib/cglib/2.2.2/cglib-2.2.2.jar:/Users/zhaiwenpeng/.m2/repository/asm/asm/3.3.1/asm-3.3.1.jar:/Users/zhaiwenpeng/.m2/repository/org/apache/tomcat/embed/tomcat-embed-core/9.0.43/tomcat-embed-core-9.0.43.jar:/Users/zhaiwenpeng/.m2/repository/org/apache/tomcat/tomcat-annotations-api/9.0.43/tomcat-annotations-api-9.0.43.jar:/Users/zhaiwenpeng/.m2/repository/com/auth0/java-jwt/3.4.0/java-jwt-3.4.0.jar:/Users/zhaiwenpeng/.m2/repository/com/fasterxml/jackson/core/jackson-databind/2.11.4/jackson-databind-2.11.4.jar:/Users/zhaiwenpeng/.m2/repository/com/fasterxml/jackson/core/jackson-annotations/2.11.4/jackson-annotations-2.11.4.jar:/Users/zhaiwenpeng/.m2/repository/com/fasterxml/jackson/core/jackson-core/2.11.4/jackson-core-2.11.4.jar:/Users/zhaiwenpeng/.m2/repository/commons-codec/commons-codec/1.15/commons-codec-1.15.jar:/Users/zhaiwenpeng/.m2/repository/org/springframework/spring-webmvc/5.3.4/spring-webmvc-5.3.4.jar:/Users/zhaiwenpeng/.m2/repository/org/springframework/spring-aop/5.3.4/spring-aop-5.3.4.jar:/Users/zhaiwenpeng/.m2/repository/org/springframework/spring-beans/5.3.4/spring-beans-5.3.4.jar:/Users/zhaiwenpeng/.m2/repository/org/springframework/spring-context/5.3.4/spring-context-5.3.4.jar:/Users/zhaiwenpeng/.m2/repository/org/springframework/spring-expression/5.3.4/spring-expression-5.3.4.jar:/Users/zhaiwenpeng/.m2/repository/org/springframework/spring-web/5.3.4/spring-web-5.3.4.jar:/Users/zhaiwenpeng/.m2/repository/com/alibaba/fastjson/1.2.71/fastjson-1.2.71.jar:/Users/zhaiwenpeng/.m2/repository/org/apache/directory/studio/org.apache.commons.codec/1.8/org.apache.commons.codec-1.8.jar:/Users/zhaiwenpeng/.m2/repository/org/apache/commons/commons-lang3/3.4/commons-lang3-3.4.jar:"/>
    <property name="sun.cpu.endian" value="little"/>
    <property name="user.home" value="/Users/zhaiwenpeng"/>
    <property name="user.language" value="zh"/>
    <property name="java.specification.vendor" value="Oracle Corporation"/>
    <property name="java.home" value="/Library/Java/JavaVirtualMachines/jdk1.8.0_241.jdk/Contents/Home/jre"/>
    <property name="basedir" value="/Users/zhaiwenpeng/IdeaProjects/chopee/chopee-service"/>
    <property name="file.separator" value="/"/>
    <property name="line.separator" value="&#10;"/>
    <property name="java.vm.specification.vendor" value="Oracle Corporation"/>
    <property name="java.specification.name" value="Java Platform API Specification"/>
    <property name="java.awt.graphicsenv" value="sun.awt.CGraphicsEnvironment"/>
    <property name="idea.version2020.1.2" value="true"/>
    <property name="surefire.real.class.path" value="/Users/zhaiwenpeng/IdeaProjects/chopee/chopee-service/target/surefire/surefirebooter3400337151636588321.jar"/>
    <property name="sun.boot.class.path" value="/Library/Java/JavaVirtualMachines/jdk1.8.0_241.jdk/Contents/Home/jre/lib/resources.jar:/Library/Java/JavaVirtualMachines/jdk1.8.0_241.jdk/Contents/Home/jre/lib/rt.jar:/Library/Java/JavaVirtualMachines/jdk1.8.0_241.jdk/Contents/Home/jre/lib/sunrsasign.jar:/Library/Java/JavaVirtualMachines/jdk1.8.0_241.jdk/Contents/Home/jre/lib/jsse.jar:/Library/Java/JavaVirtualMachines/jdk1.8.0_241.jdk/Contents/Home/jre/lib/jce.jar:/Library/Java/JavaVirtualMachines/jdk1.8.0_241.jdk/Contents/Home/jre/lib/charsets.jar:/Library/Java/JavaVirtualMachines/jdk1.8.0_241.jdk/Contents/Home/jre/lib/jfr.jar:/Library/Java/JavaVirtualMachines/jdk1.8.0_241.jdk/Contents/Home/jre/classes"/>
    <property name="sun.management.compiler" value="HotSpot 64-Bit Tiered Compilers"/>
    <property name="ftp.nonProxyHosts" value="local|*.local|169.254/16|*.169.254/16"/>
    <property name="java.runtime.version" value="1.8.0_241-b07"/>
    <property name="user.name" value="zhaiwenpeng"/>
    <property name="path.separator" value=":"/>
    <property name="os.version" value="10.15.4"/>
    <property name="java.endorsed.dirs" value="/Library/Java/JavaVirtualMachines/jdk1.8.0_241.jdk/Contents/Home/jre/lib/endorsed"/>
    <property name="java.runtime.name" value="Java(TM) SE Runtime Environment"/>
    <property name="file.encoding" value="UTF-8"/>
    <property name="java.vm.name" value="Java HotSpot(TM) 64-Bit Server VM"/>
    <property name="localRepository" value="/Users/zhaiwenpeng/.m2/repository"/>
    <property name="java.vendor.url.bug" value="http://bugreport.sun.com/bugreport/"/>
    <property name="java.io.tmpdir" value="/var/folders/kc/fxc34sc95v3924xgyr9wdm5r0000gp/T/"/>
    <property name="java.version" value="1.8.0_241"/>
    <property name="user.dir" value="/Users/zhaiwenpeng/IdeaProjects/chopee/chopee-service"/>
    <property name="os.arch" value="x86_64"/>
    <property name="java.vm.specification.name" value="Java Virtual Machine Specification"/>
    <property name="java.awt.printerjob" value="sun.lwawt.macosx.CPrinterJob"/>
    <property name="sun.os.patch.level" value="unknown"/>
    <property name="java.library.path" value="/Users/zhaiwenpeng/Library/Java/Extensions:/Library/Java/Extensions:/Network/Library/Java/Extensions:/System/Library/Java/Extensions:/usr/lib/java:."/>
    <property name="java.vm.info" value="mixed mode"/>
    <property name="java.vendor" value="Oracle Corporation"/>
    <property name="java.vm.version" value="25.241-b07"/>
    <property name="java.ext.dirs" value="/Users/zhaiwenpeng/Library/Java/Extensions:/Library/Java/JavaVirtualMachines/jdk1.8.0_241.jdk/Contents/Home/jre/lib/ext:/Library/Java/Extensions:/Network/Library/Java/Extensions:/System/Library/Java/Extensions:/usr/lib/java"/>
    <property name="sun.io.unicode.encoding" value="UnicodeBig"/>
    <property name="java.class.version" value="52.0"/>
    <property name="socksNonProxyHosts" value="local|*.local|169.254/16|*.169.254/16"/>
  </properties>
  <testcase name="com.example.chopeeservice.ChopeeServiceApplicationTests" classname="com.example.chopeeservice.ChopeeServiceApplicationTests" time="0.215">
    <error message="Unable to find a @SpringBootConfiguration, you need to use @ContextConfiguration or @SpringBootTest(classes=...) with your test" type="java.lang.IllegalStateException">java.lang.IllegalStateException: Unable to find a @SpringBootConfiguration, you need to use @ContextConfiguration or @SpringBootTest(classes=...) with your test
</error>
    <system-out><![CDATA[15:54:10.321 [main] DEBUG org.springframework.test.context.BootstrapUtils - Instantiating CacheAwareContextLoaderDelegate from class [org.springframework.test.context.cache.DefaultCacheAwareContextLoaderDelegate]
15:54:10.330 [main] DEBUG org.springframework.test.context.BootstrapUtils - Instantiating BootstrapContext using constructor [public org.springframework.test.context.support.DefaultBootstrapContext(java.lang.Class,org.springframework.test.context.CacheAwareContextLoaderDelegate)]
15:54:10.358 [main] DEBUG org.springframework.test.context.BootstrapUtils - Instantiating TestContextBootstrapper for test class [com.example.chopeeservice.ChopeeServiceApplicationTests] from class [org.springframework.boot.test.context.SpringBootTestContextBootstrapper]
15:54:10.369 [main] INFO org.springframework.boot.test.context.SpringBootTestContextBootstrapper - Neither @ContextConfiguration nor @ContextHierarchy found for test class [com.example.chopeeservice.ChopeeServiceApplicationTests], using SpringBootContextLoader
15:54:10.372 [main] DEBUG org.springframework.test.context.support.AbstractContextLoader - Did not detect default resource location for test class [com.example.chopeeservice.ChopeeServiceApplicationTests]: class path resource [com/example/chopeeservice/ChopeeServiceApplicationTests-context.xml] does not exist
15:54:10.372 [main] DEBUG org.springframework.test.context.support.AbstractContextLoader - Did not detect default resource location for test class [com.example.chopeeservice.ChopeeServiceApplicationTests]: class path resource [com/example/chopeeservice/ChopeeServiceApplicationTestsContext.groovy] does not exist
15:54:10.372 [main] INFO org.springframework.test.context.support.AbstractContextLoader - Could not detect default resource locations for test class [com.example.chopeeservice.ChopeeServiceApplicationTests]: no resource found for suffixes {-context.xml, Context.groovy}.
15:54:10.373 [main] INFO org.springframework.test.context.support.AnnotationConfigContextLoaderUtils - Could not detect default configuration classes for test class [com.example.chopeeservice.ChopeeServiceApplicationTests]: ChopeeServiceApplicationTests does not declare any static, non-private, non-final, nested classes annotated with @Configuration.
15:54:10.412 [main] DEBUG org.springframework.test.context.support.ActiveProfilesUtils - Could not find an 'annotation declaring class' for annotation type [org.springframework.test.context.ActiveProfiles] and class [com.example.chopeeservice.ChopeeServiceApplicationTests]
]]></system-out>
  </testcase>
</testsuite>